{"guid":"81de0d39583dfcd5","ip":"::1","level":"info","message":"connect"}
{"guid":"81de0d39583dfcd5","ip":"::1","level":"info","message":"disconnect"}
{"guid":"4a88e9357585ed26","ip":"::1","level":"info","message":"connect"}
{"guid":"37e62bfc6996ac6a","ip":"::1","level":"info","message":"connect"}
{"guid":"a027ca542e761faf","ip":"::1","level":"info","message":"connect"}
{"guid":"4a88e9357585ed26","ip":"::1","level":"info","message":"disconnect"}
{"guid":"2c1be636589dd938","ip":"::1","level":"info","message":"connect"}
{"guid":"6f9461ce7e544e95","ip":"::1","level":"info","message":"connect"}
{"guid":"f44b60d40ae031e5","ip":"::1","level":"info","message":"connect"}
{"guid":"1eac12e12e4ae82b","ip":"::1","level":"info","message":"connect"}
{"guid":"ffe7ed657e02a0dd","ip":"::1","level":"info","message":"connect"}
{"guid":"bed62c7f5f79e1d7","ip":"::1","level":"info","message":"connect"}
{"guid":"bed62c7f5f79e1d7","ip":"::1","level":"info","message":"disconnect"}
{"guid":"412e9c0306f17230","ip":"::1","level":"info","message":"connect"}
{"guid":"6f9461ce7e544e95","ip":"::1","level":"info","message":"disconnect"}
{"guid":"a5d9193183136423","ip":"::1","level":"info","message":"connect"}
{"guid":"81201606f543a805","ip":"::1","level":"info","message":"connect"}
{"guid":"81201606f543a805","ip":"::1","level":"info","message":"disconnect"}
{"guid":"748bfdb9cc11b9ec","ip":"::1","level":"info","message":"connect"}
{"guid":"a5d9193183136423","ip":"::1","level":"info","message":"disconnect"}
{"guid":"748bfdb9cc11b9ec","ip":"::1","level":"info","message":"disconnect"}
{"guid":"9a3b5f322d84606d","ip":"::1","level":"info","message":"connect"}
{"guid":"9a3b5f322d84606d","ip":"::1","level":"info","message":"disconnect"}
{"guid":"6bfb9d25971b42fe","ip":"::1","level":"info","message":"connect"}
{"guid":"6bfb9d25971b42fe","ip":"::1","level":"info","message":"disconnect"}
{"guid":"88adcb36c5cdcff7","ip":"::1","level":"info","message":"connect"}
{"guid":"37e62bfc6996ac6a","ip":"::1","level":"info","message":"disconnect"}
{"guid":"88adcb36c5cdcff7","ip":"::1","level":"info","message":"disconnect"}
{"guid":"f815b57bfcc47fe8","ip":"::1","level":"info","message":"connect"}
{"guid":"550d53062b3b0e2a","ip":"::1","level":"info","message":"connect"}
{"guid":"ecc3ad3ec7541046","ip":"::1","level":"info","message":"connect"}
{"guid":"4ece0fb643e00f75","ip":"::1","level":"info","message":"connect"}
{"guid":"b42a3d8e98f2ab53","ip":"::1","level":"info","message":"connect"}
{"guid":"01421bc5807d3366","ip":"::1","level":"info","message":"connect"}
{"guid":"f815b57bfcc47fe8","ip":"::1","level":"info","message":"disconnect"}
{"guid":"befbfe123bec0e7c","ip":"::1","level":"info","message":"connect"}
{"guid":"88da17ee34a01348","ip":"::1","level":"info","message":"connect"}
{"guid":"5d53626ba2e6d370","ip":"::1","level":"info","message":"connect"}
{"guid":"01421bc5807d3366","ip":"::1","level":"info","message":"disconnect"}
{"guid":"e9d350a6be18bb1e","ip":"::1","level":"info","message":"connect"}
{"guid":"befbfe123bec0e7c","ip":"::1","level":"info","message":"disconnect"}
{"guid":"80538539192390c2","ip":"::1","level":"info","message":"connect"}
{"guid":"80498f4b649ed26e","ip":"::1","level":"info","message":"connect"}
{"guid":"2735b2d15a68cb3b","ip":"::1","level":"info","message":"connect"}
{"guid":"2af7fc94d1559439","ip":"::1","level":"info","message":"connect"}
{"guid":"2735b2d15a68cb3b","ip":"::1","level":"info","message":"disconnect"}
{"guid":"2ddf40171cbbb8c7","ip":"::1","level":"info","message":"connect"}
{"guid":"a569b6d474fcb3dc","ip":"::1","level":"info","message":"connect"}
{"guid":"066af3e7758f9800","ip":"::1","level":"info","message":"connect"}
{"guid":"7b93f79f87ad41ca","ip":"::1","level":"info","message":"connect"}
{"guid":"2ddf40171cbbb8c7","ip":"::1","level":"info","message":"disconnect"}
{"guid":"9183a78e40956dc4","ip":"::1","level":"info","message":"connect"}
{"guid":"995460e31b749440","ip":"::1","level":"info","message":"connect"}
{"guid":"11670f4627a686a2","ip":"::1","level":"info","message":"connect"}
{"guid":"8d94794f7e0e94f3","ip":"::1","level":"info","message":"connect"}
{"guid":"a2975c031af9e79c","ip":"::1","level":"info","message":"connect"}
{"guid":"88276ae14af460f2","ip":"::1","level":"info","message":"connect"}
{"guid":"88276ae14af460f2","ip":"::1","level":"info","message":"disconnect"}
{"guid":"de370fe0d3016bcc","ip":"::1","level":"info","message":"connect"}
{"guid":"de370fe0d3016bcc","ip":"::1","level":"info","message":"disconnect"}
{"guid":"1df409090673b600","ip":"::1","level":"info","message":"connect"}
{"guid":"47cea8b767212b21","ip":"::1","level":"info","message":"connect"}
{"guid":"64f4b7d1e78cc42f","ip":"::1","level":"info","message":"connect"}
{"ip":"::1","level":"info","message":"ban"}
{"guid":"64f4b7d1e78cc42f","ip":"::1","level":"info","message":"disconnect"}
{"ip":"::1","level":"info","message":"ban"}
{"guid":"64f4b7d1e78cc42f","ip":"::1","level":"info","message":"disconnect"}
{"ip":"::1","level":"info","message":"ban"}
{"guid":"8d675198dc59bb27","ip":"::1","level":"info","message":"connect"}
{"ip":"::1","level":"info","message":"ban"}
{"guid":"4f8d1aff6255cbd5","ip":"::1","level":"info","message":"connect"}
{"guid":"c9ea474dda4c2675","ip":"::1","level":"info","message":"connect"}
{"guid":"e45d9e8405ab87a3","ip":"::1","level":"info","message":"connect"}
{"guid":"1363a4c1548dee8f","ip":"::1","level":"info","message":"connect"}
{"guid":"a803aa283f02da9a","ip":"::1","level":"info","message":"connect"}
{"guid":"0933c8472764eace","ip":"::1","level":"info","message":"connect"}
{"ip":"::1","level":"info","message":"ban"}
{"ip":"::1","level":"info","message":"ban"}
{"guid":"0933c8472764eace","ip":"::1","level":"info","message":"disconnect"}
{"ip":"::1","level":"info","message":"ban"}
{"guid":"0933c8472764eace","ip":"::1","level":"info","message":"disconnect"}
{"guid":"2610dad8b48bc360","ip":"::1","level":"info","message":"connect"}
{"guid":"7b2930b7b27666fe","ip":"::1","level":"info","message":"connect"}
{"guid":"3c79a8593308d24d","ip":"::1","level":"info","message":"connect"}
{"guid":"487b7a5863743258","ip":"::1","level":"info","message":"connect"}
{"guid":"7e914a5e58c5b83b","ip":"::1","level":"info","message":"connect"}
{"guid":"b6466778ec2c6520","ip":"::1","level":"info","message":"connect"}
{"guid":"487b7a5863743258","ip":"::1","level":"info","message":"disconnect"}
{"guid":"aa8100804707887f","ip":"::1","level":"info","message":"connect"}
{"guid":"fc8c5c025dfbba3c","ip":"::1","level":"info","message":"connect"}
{"guid":"ce8e3ee539605368","ip":"::1","level":"info","message":"connect"}
{"guid":"40991c104008653d","ip":"::1","level":"info","message":"connect"}
{"guid":"b6466778ec2c6520","ip":"::1","level":"info","message":"disconnect"}
{"guid":"2610dad8b48bc360","ip":"::1","level":"info","message":"disconnect"}
{"guid":"791031c9d8e6cdf6","ip":"::1","level":"info","message":"connect"}
{"guid":"1623a27ad1671ff2","ip":"::1","level":"info","message":"connect"}
{"guid":"40991c104008653d","ip":"::1","level":"info","message":"disconnect"}
{"guid":"dce4e39e850da2b9","ip":"::1","level":"info","message":"connect"}
{"guid":"791031c9d8e6cdf6","ip":"::1","level":"info","message":"disconnect"}
{"guid":"fc8c5c025dfbba3c","ip":"::1","level":"info","message":"disconnect"}
{"guid":"c41b00430c85cc96","ip":"::1","level":"info","message":"connect"}
{"guid":"c41b00430c85cc96","ip":"::1","level":"info","message":"disconnect"}
{"guid":"ec25a48bf24a17ae","ip":"::1","level":"info","message":"connect"}
{"guid":"454b9446c68bc648","ip":"::1","level":"info","message":"connect"}
{"guid":"454b9446c68bc648","ip":"::1","level":"info","message":"disconnect"}
{"guid":"61ff6188a5f3204d","ip":"::1","level":"info","message":"connect"}
{"guid":"13c108729ccf769b","ip":"::1","level":"info","message":"connect"}
{"guid":"13c108729ccf769b","ip":"::1","level":"info","message":"disconnect"}
{"guid":"6fca7959b83c0ae7","ip":"::1","level":"info","message":"connect"}
{"guid":"ffca2b28671f1732","ip":"::1","level":"info","message":"connect"}
{"guid":"3c79a8593308d24d","ip":"::1","level":"info","message":"disconnect"}
{"guid":"a6421e81be8b843d","ip":"::1","level":"info","message":"connect"}
{"guid":"306009b6013b591a","ip":"::1","level":"info","message":"connect"}
{"guid":"ffca2b28671f1732","ip":"::1","level":"info","message":"disconnect"}
{"guid":"a9b9d3b98199aaf0","ip":"::1","level":"info","message":"connect"}
{"guid":"a9b9d3b98199aaf0","ip":"::1","level":"info","message":"disconnect"}
{"guid":"e1700db69cc988bb","ip":"::1","level":"info","message":"connect"}
{"guid":"a2d69e4cc8929857","ip":"::1","level":"info","message":"connect"}
{"guid":"a2d69e4cc8929857","ip":"::1","level":"info","message":"disconnect"}
{"guid":"d8747ebc5f06db39","ip":"::1","level":"info","message":"connect"}
{"guid":"bba2e79f8f847475","ip":"::1","level":"info","message":"connect"}
{"guid":"910e1efc36d46f93","ip":"::1","level":"info","message":"connect"}
{"guid":"910e1efc36d46f93","ip":"::1","level":"info","message":"disconnect"}
{"guid":"1dcca8a1d072f8a2","ip":"::1","level":"info","message":"connect"}
{"guid":"aee939de409b30f9","ip":"::1","level":"info","message":"connect"}
{"guid":"aee939de409b30f9","ip":"::1","level":"info","message":"disconnect"}
{"guid":"28f12614d06b8303","ip":"::1","level":"info","message":"connect"}
{"guid":"cf8c3ad32e3d8b28","ip":"::1","level":"info","message":"connect"}
{"guid":"64f32312ae8fe507","ip":"::1","level":"info","message":"connect"}
{"guid":"47cdcb669ebe0e81","ip":"::1","level":"info","message":"connect"}
{"guid":"37f1fe2a0e962cdf","ip":"::1","level":"info","message":"connect"}
{"guid":"37f1fe2a0e962cdf","ip":"::1","level":"info","message":"disconnect"}
{"guid":"dc70e8409ce57af1","ip":"::1","level":"info","message":"connect"}
{"guid":"d4e8389b1de9854b","ip":"::1","level":"info","message":"connect"}
{"guid":"093a16951b5ac47d","ip":"::1","level":"info","message":"connect"}
{"guid":"2b03eaa7b92fb112","ip":"::1","level":"info","message":"connect"}
{"guid":"8c9724a9ae184b0f","ip":"::1","level":"info","message":"connect"}
{"guid":"2b03eaa7b92fb112","ip":"::1","level":"info","message":"disconnect"}
{"guid":"163db1d344882f68","ip":"::1","level":"info","message":"connect"}
{"guid":"8c9724a9ae184b0f","ip":"::1","level":"info","message":"disconnect"}
{"guid":"1902cdd31034bc45","ip":"::1","level":"info","message":"connect"}
{"guid":"6cfcfb6bb758d102","ip":"::1","level":"info","message":"connect"}
{"guid":"6cfcfb6bb758d102","ip":"::1","level":"info","message":"disconnect"}
{"guid":"68abc89609f4dbcc","ip":"::1","level":"info","message":"connect"}
{"ip":"::1","level":"info","message":"ban"}
{"guid":"68abc89609f4dbcc","ip":"::1","level":"info","message":"disconnect"}
{"ip":"::1","level":"info","message":"ban"}
{"guid":"68abc89609f4dbcc","ip":"::1","level":"info","message":"disconnect"}
{"guid":"d8ad702224c76faf","ip":"::1","level":"info","message":"connect"}
{"guid":"e48e6623b9219d38","ip":"::1","level":"info","message":"connect"}
{"guid":"e48e6623b9219d38","ip":"::1","level":"info","message":"disconnect"}
{"guid":"b6d282b13cb1f29a","ip":"::1","level":"info","message":"connect"}
{"guid":"b6d282b13cb1f29a","ip":"::1","level":"info","message":"disconnect"}
{"guid":"9a21add3245d9ded","ip":"::1","level":"info","message":"connect"}
{"guid":"507efa92ca97a969","ip":"::1","level":"info","message":"connect"}
{"guid":"ea1c12cb80b47dcb","ip":"::1","level":"info","message":"connect"}
{"guid":"047d32d8c775327b","ip":"::1","level":"info","message":"connect"}
{"guid":"047d32d8c775327b","ip":"::1","level":"info","message":"disconnect"}
{"guid":"281527acb5c73074","ip":"::1","level":"info","message":"connect"}
{"guid":"6d4e98b47324eac1","ip":"::1","level":"info","message":"connect"}
{"guid":"48baa2cc4486328b","ip":"::1","level":"info","message":"connect"}
{"guid":"12150ef9fb0f6cb4","ip":"::1","level":"info","message":"connect"}
{"guid":"eb3a23f5adc891cf","ip":"::1","level":"info","message":"connect"}
{"guid":"eb3a23f5adc891cf","ip":"::1","level":"info","message":"disconnect"}
{"guid":"59adeca403b9404c","ip":"::1","level":"info","message":"connect"}
{"guid":"130823780f1ee25d","ip":"::1","level":"info","message":"connect"}
{"guid":"79dffc8c87d79a21","ip":"::1","level":"info","message":"connect"}
{"guid":"79dffc8c87d79a21","ip":"::1","level":"info","message":"disconnect"}
{"guid":"8ca9e801432ab39c","ip":"::1","level":"info","message":"connect"}
{"guid":"8ca9e801432ab39c","ip":"::1","level":"info","message":"disconnect"}
{"guid":"9c2b2aa48f5d2e49","ip":"::1","level":"info","message":"connect"}
{"guid":"d88df4423b9328c6","ip":"::1","level":"info","message":"connect"}
{"guid":"732d4e4aa3d510c5","ip":"::1","level":"info","message":"connect"}
{"guid":"732d4e4aa3d510c5","ip":"::1","level":"info","message":"disconnect"}
{"guid":"d88df4423b9328c6","ip":"::1","level":"info","message":"disconnect"}
{"guid":"57f4be49b03e63c6","ip":"::1","level":"info","message":"connect"}
{"guid":"ff1bb817fcc640fa","ip":"::1","level":"info","message":"connect"}
{"guid":"ff1bb817fcc640fa","ip":"::1","level":"info","message":"disconnect"}
{"guid":"9e7edbb9e0a034da","ip":"::1","level":"info","message":"connect"}
{"guid":"465b3021cf34f445","ip":"::1","level":"info","message":"connect"}
{"guid":"6c6f5832306779dd","ip":"::1","level":"info","message":"connect"}
{"guid":"ab357ad9fb16fdbd","ip":"::1","level":"info","message":"connect"}
{"guid":"734117cbc261f299","ip":"::1","level":"info","message":"connect"}
{"guid":"734117cbc261f299","ip":"::1","level":"info","message":"disconnect"}
{"guid":"efd7ac52dcb236d0","ip":"::1","level":"info","message":"connect"}
{"guid":"67e34fca4fcfa2fc","ip":"::1","level":"info","message":"connect"}
{"guid":"f2d382f7454a63d4","ip":"::1","level":"info","message":"connect"}
{"guid":"f2d382f7454a63d4","ip":"::1","level":"info","message":"disconnect"}
{"guid":"03fff86b96742e52","ip":"::1","level":"info","message":"connect"}
{"guid":"177f05a81884b832","ip":"::1","level":"info","message":"connect"}
{"guid":"36411a1baaa6d662","ip":"::1","level":"info","message":"connect"}
{"guid":"db2991dcbd2f1e7b","ip":"::1","level":"info","message":"connect"}
{"guid":"61ee1f666814d3e5","ip":"::1","level":"info","message":"connect"}
{"guid":"61ee1f666814d3e5","ip":"::1","level":"info","message":"disconnect"}
{"guid":"f9eae86feed04e4f","ip":"::1","level":"info","message":"connect"}
{"guid":"54671e956481cd1c","ip":"::1","level":"info","message":"connect"}
{"guid":"cc1a86a49ebe8f0d","ip":"::1","level":"info","message":"connect"}
{"guid":"f9eae86feed04e4f","ip":"::1","level":"info","message":"disconnect"}
{"guid":"87e0898a00783962","ip":"::1","level":"info","message":"connect"}
{"guid":"6fdfd9f4791aaf69","ip":"::1","level":"info","message":"connect"}
{"guid":"6fdfd9f4791aaf69","ip":"::1","level":"info","message":"disconnect"}
{"guid":"d88a3e9feb712372","ip":"::1","level":"info","message":"connect"}
{"guid":"38cae6099416b88a","ip":"::1","level":"info","message":"connect"}
{"guid":"d88a3e9feb712372","ip":"::1","level":"info","message":"disconnect"}
{"guid":"87e0898a00783962","ip":"::1","level":"info","message":"disconnect"}
{"guid":"8e1053a30de599de","ip":"::1","level":"info","message":"connect"}
{"guid":"c1deaaa4c0e67450","ip":"::1","level":"info","message":"connect"}
{"guid":"833b7a9c35d7b607","ip":"::1","level":"info","message":"connect"}
{"guid":"6ee1db3de5889700","ip":"::1","level":"info","message":"connect"}
{"guid":"db2991dcbd2f1e7b","ip":"::1","level":"info","message":"disconnect"}
{"guid":"92dd53a19e4a5413","ip":"::1","level":"info","message":"connect"}
{"guid":"92dd53a19e4a5413","ip":"::1","level":"info","message":"disconnect"}
{"guid":"1091572778dc3374","ip":"::1","level":"info","message":"connect"}
{"guid":"cc1a86a49ebe8f0d","ip":"::1","level":"info","message":"disconnect"}
{"guid":"ef8f290a0afe78c0","ip":"::1","level":"info","message":"connect"}
{"guid":"9d00c1870b6d7f04","ip":"::1","level":"info","message":"connect"}
{"guid":"ef8f290a0afe78c0","ip":"::1","level":"info","message":"disconnect"}
{"guid":"f2213569999efe08","ip":"::1","level":"info","message":"connect"}
{"guid":"09d61cada884a0a0","ip":"::1","level":"info","message":"connect"}
{"guid":"e3c51157560230a0","ip":"::1","level":"info","message":"connect"}
{"guid":"e3c51157560230a0","ip":"::1","level":"info","message":"disconnect"}
{"guid":"009be3bbaf15c211","ip":"::1","level":"info","message":"connect"}
{"guid":"2c5390520f13e3c5","ip":"::1","level":"info","message":"connect"}
{"guid":"aebfef12fbe5bed3","ip":"::1","level":"info","message":"connect"}
{"guid":"f6c312975bcf7795","ip":"::1","level":"info","message":"connect"}
{"guid":"6a26bf10e237e819","ip":"::1","level":"info","message":"connect"}
{"guid":"4a354aae192e1726","ip":"::1","level":"info","message":"connect"}
{"guid":"1091572778dc3374","ip":"::1","level":"info","message":"disconnect"}
{"guid":"8d2d1106327bbd0d","ip":"::1","level":"info","message":"connect"}
{"guid":"55a3f18cf338d544","ip":"::1","level":"info","message":"connect"}
{"guid":"4352098e415b5a9e","ip":"::1","level":"info","message":"connect"}
{"guid":"3b1791d4681e52d8","ip":"::1","level":"info","message":"connect"}
{"guid":"0f47123aa769348d","ip":"::1","level":"info","message":"connect"}
{"guid":"a251efe06e8d962c","ip":"::1","level":"info","message":"connect"}
{"guid":"cd653d056a51e706","ip":"::1","level":"info","message":"connect"}
{"guid":"a9b99caa699644d8","ip":"::1","level":"info","message":"connect"}
{"guid":"b81a9ba49ba4597a","ip":"::1","level":"info","message":"connect"}
{"guid":"e124617a0b827aa6","ip":"::1","level":"info","message":"connect"}
{"guid":"12b84a85b520a8ef","ip":"::1","level":"info","message":"connect"}
{"guid":"70a9c4f8d7d37cae","ip":"::1","level":"info","message":"connect"}
{"guid":"e4943a248abc5910","ip":"::1","level":"info","message":"connect"}
{"guid":"cef9b352cf1ff826","ip":"::1","level":"info","message":"connect"}
{"guid":"cef9b352cf1ff826","ip":"::1","level":"info","message":"disconnect"}
{"guid":"96b929bface4b940","ip":"::1","level":"info","message":"connect"}
{"guid":"5fce6696088e279f","ip":"::1","level":"info","message":"connect"}
{"guid":"689ada2d96c740f2","ip":"::1","level":"info","message":"connect"}
{"guid":"818106b512ab3c75","ip":"::1","level":"info","message":"connect"}
{"guid":"167cff0579daba83","ip":"::1","level":"info","message":"connect"}
{"guid":"1a9fab6dd2bf5ea9","ip":"::1","level":"info","message":"connect"}
{"guid":"e1c05ef95ea6136e","ip":"::1","level":"info","message":"connect"}
{"guid":"8ce421bcd7a0c749","ip":"::1","level":"info","message":"connect"}
{"guid":"ada47011d7837352","ip":"::1","level":"info","message":"connect"}
{"guid":"df6185358dde4901","ip":"::1","level":"info","message":"connect"}
{"guid":"cca3c95c53986845","ip":"::1","level":"info","message":"connect"}
{"guid":"c500b145c050cc81","ip":"::1","level":"info","message":"connect"}
{"guid":"c59da004be38a4ac","ip":"::1","level":"info","message":"connect"}
{"guid":"3fdf22b478979a34","ip":"::1","level":"info","message":"connect"}
{"guid":"bff032458387e92b","ip":"::1","level":"info","message":"connect"}
{"guid":"2bfeb4e1939ef222","ip":"::1","level":"info","message":"connect"}
{"guid":"68b9bd1e3bbaa148","ip":"::1","level":"info","message":"connect"}
{"guid":"a86cc1f43da1909a","ip":"::1","level":"info","message":"connect"}
{"guid":"78983983c8cdf78d","ip":"::1","level":"info","message":"connect"}
{"guid":"4be0f30514323309","ip":"::1","level":"info","message":"connect"}
{"guid":"ae1eb18e123c729d","ip":"::1","level":"info","message":"connect"}
{"guid":"ae1eb18e123c729d","ip":"::1","level":"info","message":"disconnect"}
{"guid":"25c3e814423e08b6","ip":"::1","level":"info","message":"connect"}
{"guid":"748a2e049e7222b8","ip":"::1","level":"info","message":"connect"}
{"guid":"748a2e049e7222b8","ip":"::1","level":"info","message":"disconnect"}
{"guid":"f2091f9228475046","ip":"::1","level":"info","message":"connect"}
{"guid":"837d5e8258c3b515","ip":"::1","level":"info","message":"connect"}
{"guid":"62119c4376ed2986","ip":"::1","level":"info","message":"connect"}
{"guid":"37566fa5554530a9","ip":"::1","level":"info","message":"connect"}
{"guid":"50a5835faf154bfa","ip":"::1","level":"info","message":"connect"}
{"guid":"17ed92ecc5a76630","ip":"::1","level":"info","message":"connect"}
{"guid":"3bbdcb43a35838e9","ip":"::1","level":"info","message":"connect"}
{"guid":"5f263f5955bb7e3b","ip":"::1","level":"info","message":"connect"}
{"guid":"5f263f5955bb7e3b","ip":"::1","level":"info","message":"disconnect"}
{"guid":"63d4e3c73553cc87","ip":"::1","level":"info","message":"connect"}
{"guid":"e7fa26eede32b324","ip":"::1","level":"info","message":"connect"}
{"guid":"786cd2c2d4e170ae","ip":"::1","level":"info","message":"connect"}
{"guid":"786cd2c2d4e170ae","ip":"::1","level":"info","message":"disconnect"}
{"guid":"e9507613a4d099d4","ip":"::1","level":"info","message":"connect"}
{"guid":"15510aa7a7f4c504","ip":"::1","level":"info","message":"connect"}
{"guid":"4974ba54f417dcc6","ip":"::1","level":"info","message":"connect"}
{"guid":"4974ba54f417dcc6","ip":"::1","level":"info","message":"disconnect"}
{"guid":"ddc82b1e8a9869b1","ip":"::1","level":"info","message":"connect"}
{"guid":"5da88d5afe120564","ip":"::1","level":"info","message":"connect"}
{"guid":"5da88d5afe120564","ip":"::1","level":"info","message":"disconnect"}
{"guid":"4a585000ac0a6acd","ip":"::1","level":"info","message":"connect"}
{"guid":"4a585000ac0a6acd","ip":"::1","level":"info","message":"disconnect"}
{"guid":"e8891e2e358e4443","ip":"::1","level":"info","message":"connect"}
{"guid":"e8891e2e358e4443","ip":"::1","level":"info","message":"disconnect"}
{"guid":"9514ffd02f270354","ip":"::1","level":"info","message":"connect"}
{"guid":"9514ffd02f270354","ip":"::1","level":"info","message":"disconnect"}
{"guid":"b2e226e97aba001a","ip":"::1","level":"info","message":"connect"}
{"guid":"b2e226e97aba001a","ip":"::1","level":"info","message":"disconnect"}
{"guid":"5a247dc4fb4d7ec4","ip":"::1","level":"info","message":"connect"}
{"guid":"5a247dc4fb4d7ec4","ip":"::1","level":"info","message":"disconnect"}
{"guid":"97d5dd96d8173942","ip":"::1","level":"info","message":"connect"}
{"guid":"c2e942984ca5563c","ip":"::1","level":"info","message":"connect"}
{"guid":"c2e942984ca5563c","ip":"::1","level":"info","message":"disconnect"}
{"guid":"97d5dd96d8173942","ip":"::1","level":"info","message":"disconnect"}
{"guid":"236d1ace2ebfd2b6","ip":"::1","level":"info","message":"connect"}
{"guid":"ef02cd56ab6d19de","ip":"::1","level":"info","message":"connect"}
{"guid":"96afa18125e70c6d","ip":"::1","level":"info","message":"connect"}
{"guid":"96afa18125e70c6d","ip":"::1","level":"info","message":"disconnect"}
{"guid":"515aa168446101f0","ip":"::1","level":"info","message":"connect"}
{"guid":"515aa168446101f0","ip":"::1","level":"info","message":"disconnect"}
{"guid":"44ffd4527630d6a9","ip":"::1","level":"info","message":"connect"}
{"guid":"ef693b806c253cc0","ip":"::1","level":"info","message":"connect"}
{"guid":"ef693b806c253cc0","ip":"::1","level":"info","message":"disconnect"}
{"guid":"27612cccde6ad0e3","ip":"::1","level":"info","message":"connect"}
{"guid":"27612cccde6ad0e3","ip":"::1","level":"info","message":"disconnect"}
{"guid":"6767088cf17bd90c","ip":"::1","level":"info","message":"connect"}
{"guid":"6767088cf17bd90c","ip":"::1","level":"info","message":"disconnect"}
{"guid":"dbd81a5b0e865ded","ip":"::1","level":"info","message":"connect"}
{"guid":"dbd81a5b0e865ded","ip":"::1","level":"info","message":"disconnect"}
{"guid":"feee0c5ccda6c1c2","ip":"::1","level":"info","message":"connect"}
{"guid":"feee0c5ccda6c1c2","ip":"::1","level":"info","message":"disconnect"}
{"guid":"bfa3cc5392fdb07d","ip":"::1","level":"info","message":"connect"}
{"guid":"bfa3cc5392fdb07d","ip":"::1","level":"info","message":"disconnect"}
{"guid":"6d8e9ab77f6fbff4","ip":"::1","level":"info","message":"connect"}
{"guid":"6d8e9ab77f6fbff4","ip":"::1","level":"info","message":"disconnect"}
{"guid":"62e5a7c1ed4a5fba","ip":"::1","level":"info","message":"connect"}
{"guid":"62e5a7c1ed4a5fba","ip":"::1","level":"info","message":"disconnect"}
{"guid":"912e96c1d02abea0","ip":"::1","level":"info","message":"connect"}
{"guid":"912e96c1d02abea0","ip":"::1","level":"info","message":"disconnect"}
{"guid":"8ba3942f770edde2","ip":"::1","level":"info","message":"connect"}
{"guid":"8ba3942f770edde2","ip":"::1","level":"info","message":"disconnect"}
{"guid":"c5ac7337765f30c7","ip":"::1","level":"info","message":"connect"}
{"guid":"c5ac7337765f30c7","ip":"::1","level":"info","message":"disconnect"}
{"guid":"c8c03a9f8521f4b8","ip":"::1","level":"info","message":"connect"}
{"guid":"c8c03a9f8521f4b8","ip":"::1","level":"info","message":"disconnect"}
{"guid":"f3864c1dfaaf8369","ip":"::1","level":"info","message":"connect"}
{"guid":"f3864c1dfaaf8369","ip":"::1","level":"info","message":"disconnect"}
{"guid":"1ea4986bd796f561","ip":"::1","level":"info","message":"connect"}
{"guid":"1c8a67b3e7c014ee","ip":"::1","level":"info","message":"connect"}
{"guid":"0c7cb0bb678fe1a8","ip":"::1","level":"info","message":"connect"}
{"guid":"8cee92f6df742acf","ip":"::1","level":"info","message":"connect"}
{"guid":"d6be3ea04444667b","ip":"::1","level":"info","message":"connect"}
{"guid":"f27d89296021b87a","ip":"::1","level":"info","message":"connect"}
{"guid":"f27d89296021b87a","ip":"::1","level":"info","message":"disconnect"}
{"guid":"181fb91bb17f0099","ip":"::1","level":"info","message":"connect"}
{"guid":"181fb91bb17f0099","ip":"::1","level":"info","message":"disconnect"}
{"guid":"71b3dcc07b077671","ip":"::1","level":"info","message":"connect"}
{"guid":"6c9930ced85af7ac","ip":"::1","level":"info","message":"connect"}
{"guid":"6c9930ced85af7ac","ip":"::1","level":"info","message":"disconnect"}
{"guid":"e85a8d6d86279f84","ip":"::1","level":"info","message":"connect"}
{"guid":"b5709570dad1326a","ip":"::1","level":"info","message":"connect"}
{"guid":"50cb52a36659453f","ip":"::1","level":"info","message":"connect"}
{"guid":"b5709570dad1326a","ip":"::1","level":"info","message":"disconnect"}
{"guid":"50cb52a36659453f","ip":"::1","level":"info","message":"disconnect"}
{"guid":"63efa63ecba114ed","ip":"::1","level":"info","message":"connect"}
{"guid":"7d5699e83c252e94","ip":"::1","level":"info","message":"connect"}
{"guid":"e46efebf58b49cd2","ip":"::1","level":"info","message":"connect"}
{"guid":"e2267ffbf1c00171","ip":"::1","level":"info","message":"connect"}
{"guid":"c1dcd95df64ee1d6","ip":"::1","level":"info","message":"connect"}
{"guid":"2b4513f218028832","ip":"::1","level":"info","message":"connect"}
{"guid":"d4edcc56761ebb68","ip":"::1","level":"info","message":"connect"}
{"guid":"2fe73d51f938ffa7","ip":"::1","level":"info","message":"connect"}
{"guid":"d4edcc56761ebb68","ip":"::1","level":"info","message":"disconnect"}
{"guid":"2fe73d51f938ffa7","ip":"::1","level":"info","message":"disconnect"}
{"guid":"568d871a86f40955","ip":"::1","level":"info","message":"connect"}
{"guid":"bd8261d19826d0f3","ip":"::1","level":"info","message":"connect"}
{"guid":"8ae4d100c9e9f3b1","ip":"::1","level":"info","message":"connect"}
{"guid":"c90615e60c027778","ip":"::1","level":"info","message":"connect"}
{"guid":"ef224018dcc04de9","ip":"::1","level":"info","message":"connect"}
{"guid":"a5003815184af399","ip":"::1","level":"info","message":"connect"}
{"guid":"c93a11d5849f48a2","ip":"::1","level":"info","message":"connect"}
{"guid":"1986537b755ada47","ip":"::1","level":"info","message":"connect"}
{"guid":"6b896ebc52d93cf4","ip":"::1","level":"info","message":"connect"}
{"guid":"dedbbecb610236ce","ip":"::1","level":"info","message":"connect"}
{"guid":"3f5295f72e66fcd3","ip":"::1","level":"info","message":"connect"}
{"guid":"3f5295f72e66fcd3","ip":"::1","level":"info","message":"disconnect"}
{"guid":"48e4e462de9c5324","ip":"::1","level":"info","message":"connect"}
{"guid":"79f21266bb355977","ip":"::1","level":"info","message":"connect"}
{"guid":"79f21266bb355977","ip":"::1","level":"info","message":"disconnect"}
{"guid":"ea3d7d8d504033c7","ip":"::1","level":"info","message":"connect"}
{"guid":"ea3d7d8d504033c7","ip":"::1","level":"info","message":"disconnect"}
{"guid":"48e4e462de9c5324","ip":"::1","level":"info","message":"disconnect"}
{"guid":"b70597ce6c3a0649","ip":"::1","level":"info","message":"connect"}
{"guid":"d183d3fc61d5a193","ip":"::1","level":"info","message":"connect"}
{"guid":"f201e931745bc2be","ip":"::1","level":"info","message":"connect"}
{"guid":"b70597ce6c3a0649","ip":"::1","level":"info","message":"disconnect"}
{"guid":"1bbf2277aac68b1b","ip":"::1","level":"info","message":"connect"}
{"guid":"d99bbb91bb3c4161","ip":"::1","level":"info","message":"connect"}
{"guid":"fae87ba31ca718eb","ip":"::1","level":"info","message":"connect"}
{"guid":"de61f326f815ee7a","ip":"::1","level":"info","message":"connect"}
{"guid":"de61f326f815ee7a","ip":"::1","level":"info","message":"disconnect"}
{"guid":"df5d7ffc36682a95","ip":"::1","level":"info","message":"connect"}
{"guid":"df5d7ffc36682a95","ip":"::1","level":"info","message":"disconnect"}
{"guid":"d9ee6b0aae91fea0","ip":"::1","level":"info","message":"connect"}
{"guid":"d9ee6b0aae91fea0","ip":"::1","level":"info","message":"disconnect"}
{"guid":"18a0b9da0c4fbc80","ip":"::1","level":"info","message":"connect"}
{"guid":"167206fc21cc4f52","ip":"::1","level":"info","message":"connect"}
{"guid":"aa389c955a0d95aa","ip":"::1","level":"info","message":"connect"}
{"guid":"aa389c955a0d95aa","ip":"::1","level":"info","message":"disconnect"}
{"guid":"27413d73daedf0b9","ip":"::1","level":"info","message":"connect"}
{"guid":"27413d73daedf0b9","ip":"::1","level":"info","message":"disconnect"}
{"guid":"0e4665e86fb4b833","ip":"::1","level":"info","message":"connect"}
{"guid":"0e4665e86fb4b833","ip":"::1","level":"info","message":"disconnect"}
{"guid":"de3d579dcb378a30","ip":"::ffff:10.0.0.3","level":"info","message":"connect"}
{"guid":"de3d579dcb378a30","ip":"::ffff:10.0.0.3","level":"info","message":"disconnect"}
{"guid":"f9bcc7d6426c599e","ip":"::ffff:10.0.0.3","level":"info","message":"connect"}
{"guid":"f9bcc7d6426c599e","ip":"::ffff:10.0.0.3","level":"info","message":"disconnect"}
{"guid":"ebaad16adfecd457","ip":"::ffff:10.0.0.3","level":"info","message":"connect"}
{"guid":"b30b3c3bcc868960","ip":"::ffff:10.0.0.3","level":"info","message":"connect"}
{"guid":"c76c59bfc74fdae2","ip":"::ffff:10.0.0.3","level":"info","message":"connect"}
{"guid":"c76c59bfc74fdae2","ip":"::ffff:10.0.0.3","level":"info","message":"disconnect"}
{"guid":"3f39ceee35fe3690","ip":"::ffff:10.0.0.3","level":"info","message":"connect"}
{"guid":"3f39ceee35fe3690","ip":"::ffff:10.0.0.3","level":"info","message":"disconnect"}
{"guid":"7b1d0eb1dcd4c78b","ip":"::ffff:10.0.0.3","level":"info","message":"connect"}
{"guid":"7b1d0eb1dcd4c78b","ip":"::ffff:10.0.0.3","level":"info","message":"disconnect"}
{"guid":"45729a700c706360","ip":"::ffff:10.0.0.3","level":"info","message":"connect"}
{"guid":"f25f47c3c40bee05","ip":"::ffff:10.0.0.3","level":"info","message":"connect"}
{"guid":"670483674351188d","ip":"::ffff:10.0.0.3","level":"info","message":"connect"}
{"error":{},"level":"error","message":"uncaughtException: Error sending webhook: 400 status code. Response: {\"username\": [\"Must be between 1 and 80 in length.\"]}\nError: Error sending webhook: 400 status code. Response: {\"username\": [\"Must be between 1 and 80 in length.\"]}\n    at Webhook.send (/project/workspace/node_modules/discord-webhook-node/src/classes/webhook.js:74:41)\n    at process.processTicksAndRejections (node:internal/process/task_queues:95:5)","stack":"Error: Error sending webhook: 400 status code. Response: {\"username\": [\"Must be between 1 and 80 in length.\"]}\n    at Webhook.send (/project/workspace/node_modules/discord-webhook-node/src/classes/webhook.js:74:41)\n    at process.processTicksAndRejections (node:internal/process/task_queues:95:5)","exception":true,"date":"Sat Jun 28 2025 10:29:41 GMT+0000 (Coordinated Universal Time)","process":{"pid":29510,"uid":0,"gid":0,"cwd":"/project/workspace","execPath":"/usr/local/share/nvm/versions/node/v20.12.1/bin/node","version":"v20.12.1","argv":["/usr/local/share/nvm/versions/node/v20.12.1/bin/node","/project/workspace/index.js"],"memoryUsage":{"rss":84918272,"heapTotal":16691200,"heapUsed":14959928,"external":3823179,"arrayBuffers":1641926}},"os":{"loadavg":[0.16,0.2,0.17],"uptime":8944.95},"trace":[{"column":41,"file":"/project/workspace/node_modules/discord-webhook-node/src/classes/webhook.js","function":"Webhook.send","line":74,"method":"send","native":false},{"column":5,"file":"node:internal/process/task_queues","function":"process.processTicksAndRejections","line":95,"method":"processTicksAndRejections","native":false}]}
